<?xml version="1.0" encoding="UTF-8"?>
<!-- Generated by org.testng.reporters.JUnitReportReporter -->
<testsuite hostname="SAINATH-ENVY360" failures="0" tests="1" name="testClasses.FirstTestClass" time="0.054" errors="0" timestamp="2022-11-19T00:49:27 GMT" skipped="0">
  <testcase classname="testClasses.FirstTestClass" name="accessTest" time="0.054"/>
  <system-out/>
</testsuite> <!-- testClasses.FirstTestClass -->
